1773270838.305674 client started (19590): version 3.6a, socket /private/tmp/tmux-501/default, protocol 8
1773270838.305706 on Darwin 25.3.0 Darwin Kernel Version 25.3.0: Wed Jan 28 20:56:35 PST 2026; root:xnu-12377.91.3~2/RELEASE_ARM64_T6030
1773270838.305712 using libevent 2.1.12-stable select
1773270838.305731 using utf8proc 2.11.3
1773270838.305736 using ncurses 6.5 20240427
1773270838.305744 flags are 0x10010000
1773270838.305747 socket is /private/tmp/tmux-501/default
1773270838.305753 trying connect
1773270838.305768 add peer 0x100ae5c80: 6 (0x0)
1773270838.307760 sending message 111 to peer 0x100ae5c80 (8 bytes)
1773270838.307771 sending message 111 to peer 0x100ae5c80 (8 bytes)
1773270838.307775 sending message 101 to peer 0x100ae5c80 (14 bytes)
1773270838.307779 sending message 109 to peer 0x100ae5c80 (4 bytes)
1773270838.307783 sending message 102 to peer 0x100ae5c80 (13 bytes)
1773270838.307786 sending message 108 to peer 0x100ae5c80 (37 bytes)
1773270838.307789 sending message 112 to peer 0x100ae5c80 (70 bytes)
1773270838.307792 sending message 112 to peer 0x100ae5c80 (5 bytes)
1773270838.307795 sending message 112 to peer 0x100ae5c80 (5 bytes)
1773270838.307800 sending message 112 to peer 0x100ae5c80 (6 bytes)
1773270838.307804 sending message 112 to peer 0x100ae5c80 (6 bytes)
1773270838.307807 sending message 112 to peer 0x100ae5c80 (11 bytes)
1773270838.307810 sending message 112 to peer 0x100ae5c80 (10 bytes)
1773270838.307813 sending message 112 to peer 0x100ae5c80 (13 bytes)
1773270838.307816 sending message 112 to peer 0x100ae5c80 (13 bytes)
1773270838.307820 sending message 112 to peer 0x100ae5c80 (18 bytes)
1773270838.307823 sending message 112 to peer 0x100ae5c80 (11 bytes)
1773270838.307826 sending message 112 to peer 0x100ae5c80 (10 bytes)
1773270838.307829 sending message 112 to peer 0x100ae5c80 (15 bytes)
1773270838.307832 sending message 112 to peer 0x100ae5c80 (21 bytes)
1773270838.307835 sending message 112 to peer 0x100ae5c80 (13 bytes)
1773270838.307838 sending message 112 to peer 0x100ae5c80 (7 bytes)
1773270838.307841 sending message 112 to peer 0x100ae5c80 (13 bytes)
1773270838.307844 sending message 112 to peer 0x100ae5c80 (7 bytes)
1773270838.307846 sending message 112 to peer 0x100ae5c80 (13 bytes)
1773270838.307849 sending message 112 to peer 0x100ae5c80 (9 bytes)
1773270838.307852 sending message 112 to peer 0x100ae5c80 (21 bytes)
1773270838.307855 sending message 112 to peer 0x100ae5c80 (13 bytes)
1773270838.307858 sending message 112 to peer 0x100ae5c80 (8 bytes)
1773270838.307861 sending message 112 to peer 0x100ae5c80 (12 bytes)
1773270838.307864 sending message 112 to peer 0x100ae5c80 (13 bytes)
1773270838.307866 sending message 112 to peer 0x100ae5c80 (9 bytes)
1773270838.307869 sending message 112 to peer 0x100ae5c80 (9 bytes)
1773270838.307872 sending message 112 to peer 0x100ae5c80 (12 bytes)
1773270838.307875 sending message 112 to peer 0x100ae5c80 (8 bytes)
1773270838.307878 sending message 112 to peer 0x100ae5c80 (8 bytes)
1773270838.307881 sending message 112 to peer 0x100ae5c80 (7 bytes)
1773270838.307883 sending message 112 to peer 0x100ae5c80 (7 bytes)
1773270838.307886 sending message 112 to peer 0x100ae5c80 (9 bytes)
1773270838.307889 sending message 112 to peer 0x100ae5c80 (13 bytes)
1773270838.307892 sending message 112 to peer 0x100ae5c80 (6 bytes)
1773270838.307895 sending message 112 to peer 0x100ae5c80 (9 bytes)
1773270838.307897 sending message 112 to peer 0x100ae5c80 (15 bytes)
1773270838.307900 sending message 112 to peer 0x100ae5c80 (13 bytes)
1773270838.307903 sending message 112 to peer 0x100ae5c80 (12 bytes)
1773270838.307906 sending message 112 to peer 0x100ae5c80 (8 bytes)
1773270838.307909 sending message 112 to peer 0x100ae5c80 (14 bytes)
1773270838.307912 sending message 112 to peer 0x100ae5c80 (11 bytes)
1773270838.307915 sending message 112 to peer 0x100ae5c80 (9 bytes)
1773270838.307918 sending message 112 to peer 0x100ae5c80 (10 bytes)
1773270838.307921 sending message 112 to peer 0x100ae5c80 (10 bytes)
1773270838.307923 sending message 112 to peer 0x100ae5c80 (10 bytes)
1773270838.307931 sending message 112 to peer 0x100ae5c80 (10 bytes)
1773270838.307934 sending message 112 to peer 0x100ae5c80 (11 bytes)
1773270838.307936 sending message 112 to peer 0x100ae5c80 (12 bytes)
1773270838.307938 sending message 112 to peer 0x100ae5c80 (12 bytes)
1773270838.307941 sending message 112 to peer 0x100ae5c80 (12 bytes)
1773270838.307943 sending message 112 to peer 0x100ae5c80 (12 bytes)
1773270838.307945 sending message 112 to peer 0x100ae5c80 (12 bytes)
1773270838.307947 sending message 112 to peer 0x100ae5c80 (11 bytes)
1773270838.307949 sending message 112 to peer 0x100ae5c80 (11 bytes)
1773270838.307951 sending message 112 to peer 0x100ae5c80 (12 bytes)
1773270838.307954 sending message 112 to peer 0x100ae5c80 (12 bytes)
1773270838.307956 sending message 112 to peer 0x100ae5c80 (12 bytes)
1773270838.307958 sending message 112 to peer 0x100ae5c80 (12 bytes)
1773270838.307960 sending message 112 to peer 0x100ae5c80 (12 bytes)
1773270838.307963 sending message 112 to peer 0x100ae5c80 (10 bytes)
1773270838.307965 sending message 112 to peer 0x100ae5c80 (12 bytes)
1773270838.307967 sending message 112 to peer 0x100ae5c80 (13 bytes)
1773270838.307969 sending message 112 to peer 0x100ae5c80 (13 bytes)
1773270838.307971 sending message 112 to peer 0x100ae5c80 (13 bytes)
1773270838.307974 sending message 112 to peer 0x100ae5c80 (13 bytes)
1773270838.307976 sending message 112 to peer 0x100ae5c80 (13 bytes)
1773270838.307978 sending message 112 to peer 0x100ae5c80 (8 bytes)
1773270838.307980 sending message 112 to peer 0x100ae5c80 (11 bytes)
1773270838.307982 sending message 112 to peer 0x100ae5c80 (11 bytes)
1773270838.307985 sending message 112 to peer 0x100ae5c80 (11 bytes)
1773270838.307987 sending message 112 to peer 0x100ae5c80 (12 bytes)
1773270838.307989 sending message 112 to peer 0x100ae5c80 (12 bytes)
1773270838.307991 sending message 112 to peer 0x100ae5c80 (12 bytes)
1773270838.307993 sending message 112 to peer 0x100ae5c80 (12 bytes)
1773270838.307995 sending message 112 to peer 0x100ae5c80 (13 bytes)
1773270838.307998 sending message 112 to peer 0x100ae5c80 (13 bytes)
1773270838.308000 sending message 112 to peer 0x100ae5c80 (13 bytes)
1773270838.308002 sending message 112 to peer 0x100ae5c80 (8 bytes)
1773270838.308004 sending message 112 to peer 0x100ae5c80 (13 bytes)
1773270838.308006 sending message 112 to peer 0x100ae5c80 (13 bytes)
1773270838.308009 sending message 112 to peer 0x100ae5c80 (13 bytes)
1773270838.308011 sending message 112 to peer 0x100ae5c80 (13 bytes)
1773270838.308013 sending message 112 to peer 0x100ae5c80 (13 bytes)
1773270838.308015 sending message 112 to peer 0x100ae5c80 (12 bytes)
1773270838.308018 sending message 112 to peer 0x100ae5c80 (12 bytes)
1773270838.308020 sending message 112 to peer 0x100ae5c80 (12 bytes)
1773270838.308022 sending message 112 to peer 0x100ae5c80 (12 bytes)
1773270838.308024 sending message 112 to peer 0x100ae5c80 (13 bytes)
1773270838.308026 sending message 112 to peer 0x100ae5c80 (8 bytes)
1773270838.308029 sending message 112 to peer 0x100ae5c80 (13 bytes)
1773270838.308031 sending message 112 to peer 0x100ae5c80 (13 bytes)
1773270838.308033 sending message 112 to peer 0x100ae5c80 (13 bytes)
1773270838.308035 sending message 112 to peer 0x100ae5c80 (13 bytes)
1773270838.308037 sending message 112 to peer 0x100ae5c80 (13 bytes)
1773270838.308040 sending message 112 to peer 0x100ae5c80 (13 bytes)
1773270838.308042 sending message 112 to peer 0x100ae5c80 (13 bytes)
1773270838.308044 sending message 112 to peer 0x100ae5c80 (12 bytes)
1773270838.308046 sending message 112 to peer 0x100ae5c80 (12 bytes)
1773270838.308049 sending message 112 to peer 0x100ae5c80 (12 bytes)
1773270838.308051 sending message 112 to peer 0x100ae5c80 (8 bytes)
1773270838.308053 sending message 112 to peer 0x100ae5c80 (12 bytes)
1773270838.308055 sending message 112 to peer 0x100ae5c80 (13 bytes)
1773270838.308057 sending message 112 to peer 0x100ae5c80 (13 bytes)
1773270838.308060 sending message 112 to peer 0x100ae5c80 (13 bytes)
1773270838.308062 sending message 112 to peer 0x100ae5c80 (13 bytes)
1773270838.308067 sending message 112 to peer 0x100ae5c80 (13 bytes)
1773270838.308070 sending message 112 to peer 0x100ae5c80 (13 bytes)
1773270838.308072 sending message 112 to peer 0x100ae5c80 (13 bytes)
1773270838.308074 sending message 112 to peer 0x100ae5c80 (13 bytes)
1773270838.308076 sending message 112 to peer 0x100ae5c80 (12 bytes)
1773270838.308078 sending message 112 to peer 0x100ae5c80 (10 bytes)
1773270838.308081 sending message 112 to peer 0x100ae5c80 (12 bytes)
1773270838.308083 sending message 112 to peer 0x100ae5c80 (12 bytes)
1773270838.308085 sending message 112 to peer 0x100ae5c80 (12 bytes)
1773270838.308087 sending message 112 to peer 0x100ae5c80 (13 bytes)
1773270838.308090 sending message 112 to peer 0x100ae5c80 (13 bytes)
1773270838.308092 sending message 112 to peer 0x100ae5c80 (13 bytes)
1773270838.308094 sending message 112 to peer 0x100ae5c80 (13 bytes)
1773270838.308096 sending message 112 to peer 0x100ae5c80 (13 bytes)
1773270838.308099 sending message 112 to peer 0x100ae5c80 (13 bytes)
1773270838.308101 sending message 112 to peer 0x100ae5c80 (13 bytes)
1773270838.308103 sending message 112 to peer 0x100ae5c80 (10 bytes)
1773270838.308105 sending message 112 to peer 0x100ae5c80 (13 bytes)
1773270838.308107 sending message 112 to peer 0x100ae5c80 (12 bytes)
1773270838.308109 sending message 112 to peer 0x100ae5c80 (12 bytes)
1773270838.308112 sending message 112 to peer 0x100ae5c80 (12 bytes)
1773270838.308114 sending message 112 to peer 0x100ae5c80 (10 bytes)
1773270838.308116 sending message 112 to peer 0x100ae5c80 (10 bytes)
1773270838.308119 sending message 112 to peer 0x100ae5c80 (10 bytes)
1773270838.308121 sending message 112 to peer 0x100ae5c80 (12 bytes)
1773270838.308123 sending message 112 to peer 0x100ae5c80 (13 bytes)
1773270838.308125 sending message 112 to peer 0x100ae5c80 (13 bytes)
1773270838.308127 sending message 112 to peer 0x100ae5c80 (13 bytes)
1773270838.308129 sending message 112 to peer 0x100ae5c80 (13 bytes)
1773270838.308132 sending message 112 to peer 0x100ae5c80 (13 bytes)
1773270838.308134 sending message 112 to peer 0x100ae5c80 (11 bytes)
1773270838.308136 sending message 112 to peer 0x100ae5c80 (11 bytes)
1773270838.308138 sending message 112 to peer 0x100ae5c80 (12 bytes)
1773270838.308140 sending message 112 to peer 0x100ae5c80 (12 bytes)
1773270838.308142 sending message 112 to peer 0x100ae5c80 (12 bytes)
1773270838.308145 sending message 112 to peer 0x100ae5c80 (12 bytes)
1773270838.308147 sending message 112 to peer 0x100ae5c80 (12 bytes)
1773270838.308150 sending message 112 to peer 0x100ae5c80 (11 bytes)
1773270838.308152 sending message 112 to peer 0x100ae5c80 (12 bytes)
1773270838.308154 sending message 112 to peer 0x100ae5c80 (12 bytes)
1773270838.308156 sending message 112 to peer 0x100ae5c80 (13 bytes)
1773270838.308158 sending message 112 to peer 0x100ae5c80 (13 bytes)
1773270838.308161 sending message 112 to peer 0x100ae5c80 (13 bytes)
1773270838.308163 sending message 112 to peer 0x100ae5c80 (13 bytes)
1773270838.308165 sending message 112 to peer 0x100ae5c80 (13 bytes)
1773270838.308167 sending message 112 to peer 0x100ae5c80 (10 bytes)
1773270838.308170 sending message 112 to peer 0x100ae5c80 (9 bytes)
1773270838.308173 sending message 112 to peer 0x100ae5c80 (12 bytes)
1773270838.308175 sending message 112 to peer 0x100ae5c80 (13 bytes)
1773270838.308177 sending message 112 to peer 0x100ae5c80 (13 bytes)
1773270838.308179 sending message 112 to peer 0x100ae5c80 (13 bytes)
1773270838.308181 sending message 112 to peer 0x100ae5c80 (13 bytes)
1773270838.308184 sending message 112 to peer 0x100ae5c80 (13 bytes)
1773270838.308186 sending message 112 to peer 0x100ae5c80 (9 bytes)
1773270838.308188 sending message 112 to peer 0x100ae5c80 (12 bytes)
1773270838.308190 sending message 112 to peer 0x100ae5c80 (13 bytes)
1773270838.308193 sending message 112 to peer 0x100ae5c80 (13 bytes)
1773270838.308195 sending message 112 to peer 0x100ae5c80 (13 bytes)
1773270838.308197 sending message 112 to peer 0x100ae5c80 (13 bytes)
1773270838.308202 sending message 112 to peer 0x100ae5c80 (13 bytes)
1773270838.308204 sending message 112 to peer 0x100ae5c80 (11 bytes)
1773270838.308207 sending message 112 to peer 0x100ae5c80 (12 bytes)
1773270838.308209 sending message 112 to peer 0x100ae5c80 (13 bytes)
1773270838.308211 sending message 112 to peer 0x100ae5c80 (13 bytes)
1773270838.308213 sending message 112 to peer 0x100ae5c80 (13 bytes)
1773270838.308215 sending message 112 to peer 0x100ae5c80 (13 bytes)
1773270838.308218 sending message 112 to peer 0x100ae5c80 (13 bytes)
1773270838.308220 sending message 112 to peer 0x100ae5c80 (11 bytes)
1773270838.308222 sending message 112 to peer 0x100ae5c80 (12 bytes)
1773270838.308224 sending message 112 to peer 0x100ae5c80 (12 bytes)
1773270838.308226 sending message 112 to peer 0x100ae5c80 (12 bytes)
1773270838.308229 sending message 112 to peer 0x100ae5c80 (12 bytes)
1773270838.308231 sending message 112 to peer 0x100ae5c80 (12 bytes)
1773270838.308233 sending message 112 to peer 0x100ae5c80 (21 bytes)
1773270838.308236 sending message 112 to peer 0x100ae5c80 (12 bytes)
1773270838.308238 sending message 112 to peer 0x100ae5c80 (9 bytes)
1773270838.308240 sending message 112 to peer 0x100ae5c80 (6 bytes)
1773270838.308242 sending message 112 to peer 0x100ae5c80 (13 bytes)
1773270838.308244 sending message 112 to peer 0x100ae5c80 (8 bytes)
1773270838.308247 sending message 112 to peer 0x100ae5c80 (15 bytes)
1773270838.308249 sending message 112 to peer 0x100ae5c80 (13 bytes)
1773270838.308251 sending message 112 to peer 0x100ae5c80 (9 bytes)
1773270838.308253 sending message 112 to peer 0x100ae5c80 (70 bytes)
1773270838.308255 sending message 112 to peer 0x100ae5c80 (69 bytes)
1773270838.308258 sending message 112 to peer 0x100ae5c80 (10 bytes)
1773270838.308260 sending message 112 to peer 0x100ae5c80 (10 bytes)
1773270838.308262 sending message 112 to peer 0x100ae5c80 (8 bytes)
1773270838.308264 sending message 112 to peer 0x100ae5c80 (15 bytes)
1773270838.308266 sending message 112 to peer 0x100ae5c80 (13 bytes)
1773270838.308268 sending message 112 to peer 0x100ae5c80 (10 bytes)
1773270838.308270 sending message 112 to peer 0x100ae5c80 (10 bytes)
1773270838.308272 sending message 112 to peer 0x100ae5c80 (17 bytes)
1773270838.308275 sending message 112 to peer 0x100ae5c80 (10 bytes)
1773270838.308277 sending message 112 to peer 0x100ae5c80 (13 bytes)
1773270838.308279 sending message 112 to peer 0x100ae5c80 (9 bytes)
1773270838.308281 sending message 112 to peer 0x100ae5c80 (5 bytes)
1773270838.308283 sending message 112 to peer 0x100ae5c80 (15 bytes)
1773270838.308286 sending message 104 to peer 0x100ae5c80 (0 bytes)
1773270838.308288 sending message 110 to peer 0x100ae5c80 (0 bytes)
1773270838.308290 sending message 107 to peer 0x100ae5c80 (4 bytes)
1773270838.308293 sending message 105 to peer 0x100ae5c80 (20 bytes)
1773270838.308295 sending message 105 to peer 0x100ae5c80 (22 bytes)
1773270838.308297 sending message 105 to peer 0x100ae5c80 (57 bytes)
1773270838.308299 sending message 105 to peer 0x100ae5c80 (75 bytes)
1773270838.308301 sending message 105 to peer 0x100ae5c80 (47 bytes)
1773270838.308303 sending message 105 to peer 0x100ae5c80 (17 bytes)
1773270838.308307 sending message 105 to peer 0x100ae5c80 (37 bytes)
1773270838.308309 sending message 105 to peer 0x100ae5c80 (30 bytes)
1773270838.308312 sending message 105 to peer 0x100ae5c80 (34 bytes)
1773270838.308314 sending message 105 to peer 0x100ae5c80 (60 bytes)
1773270838.308316 sending message 105 to peer 0x100ae5c80 (17 bytes)
1773270838.308318 sending message 105 to peer 0x100ae5c80 (8 bytes)
1773270838.308320 sending message 105 to peer 0x100ae5c80 (13 bytes)
1773270838.308322 sending message 105 to peer 0x100ae5c80 (32 bytes)
1773270838.308325 sending message 105 to peer 0x100ae5c80 (96 bytes)
1773270838.308327 sending message 105 to peer 0x100ae5c80 (106 bytes)
1773270838.308329 sending message 105 to peer 0x100ae5c80 (19 bytes)
1773270838.308331 sending message 105 to peer 0x100ae5c80 (18 bytes)
1773270838.308337 sending message 105 to peer 0x100ae5c80 (11 bytes)
1773270838.308340 sending message 105 to peer 0x100ae5c80 (586 bytes)
1773270838.308342 sending message 105 to peer 0x100ae5c80 (41 bytes)
1773270838.308344 sending message 105 to peer 0x100ae5c80 (15 bytes)
1773270838.308346 sending message 105 to peer 0x100ae5c80 (8 bytes)
1773270838.308348 sending message 105 to peer 0x100ae5c80 (66 bytes)
1773270838.308350 sending message 105 to peer 0x100ae5c80 (38 bytes)
1773270838.308353 sending message 105 to peer 0x100ae5c80 (19 bytes)
1773270838.308355 sending message 105 to peer 0x100ae5c80 (19 bytes)
1773270838.308357 sending message 105 to peer 0x100ae5c80 (63 bytes)
1773270838.308359 sending message 105 to peer 0x100ae5c80 (18 bytes)
1773270838.308361 sending message 105 to peer 0x100ae5c80 (26 bytes)
1773270838.308363 sending message 105 to peer 0x100ae5c80 (57 bytes)
1773270838.308365 sending message 105 to peer 0x100ae5c80 (43 bytes)
1773270838.308368 sending message 105 to peer 0x100ae5c80 (13 bytes)
1773270838.308370 sending message 105 to peer 0x100ae5c80 (52 bytes)
1773270838.308372 sending message 105 to peer 0x100ae5c80 (10 bytes)
1773270838.308374 sending message 105 to peer 0x100ae5c80 (98 bytes)
1773270838.308376 sending message 105 to peer 0x100ae5c80 (14 bytes)
1773270838.308378 sending message 105 to peer 0x100ae5c80 (19 bytes)
1773270838.308380 sending message 105 to peer 0x100ae5c80 (27 bytes)
1773270838.308383 sending message 105 to peer 0x100ae5c80 (39 bytes)
1773270838.308385 sending message 105 to peer 0x100ae5c80 (30 bytes)
1773270838.308387 sending message 105 to peer 0x100ae5c80 (75 bytes)
1773270838.308389 sending message 105 to peer 0x100ae5c80 (43 bytes)
1773270838.308391 sending message 105 to peer 0x100ae5c80 (32 bytes)
1773270838.308393 sending message 105 to peer 0x100ae5c80 (25 bytes)
1773270838.308396 sending message 106 to peer 0x100ae5c80 (0 bytes)
1773270838.308428 sending message 200 to peer 0x100ae5c80 (4 bytes)
1773270838.308432 client loop enter
1773270838.308527 peer 0x100ae5c80 message 303
1773270838.308532 open write file 2 -
1773270838.308538 sending message 305 to peer 0x100ae5c80 (8 bytes)
1773270838.308546 write check file 2
1773270838.308569 peer 0x100ae5c80 message 304
1773270838.308573 write 58 to file 2
1773270838.308576 peer 0x100ae5c80 message 203
1773270838.308579 file 2 58 bytes left
1773270838.308586 write check file 2
1773270838.308589 client loop exit
